0 info it worked if it ends with ok
1 verbose cli [ '/usr/local/Cellar/node/5.0.0/bin/node',
1 verbose cli   '/usr/local/bin/npm',
1 verbose cli   'start' ]
2 info using npm@1.4.25
3 info using node@v5.0.0
4 verbose run-script [ 'prestart', 'start', 'poststart' ]
5 info prestart flight-log@0.0.0
6 info start flight-log@0.0.0
7 verbose unsafe-perm in lifecycle true
8 info flight-log@0.0.0 Failed to exec start script
9 error flight-log@0.0.0 start: `node bin/server.js`
9 error Exit status 7
10 error Failed at the flight-log@0.0.0 start script.
10 error This is most likely a problem with the flight-log package,
10 error not with npm itself.
10 error Tell the author that this fails on your system:
10 error     node bin/server.js
10 error You can get their info via:
10 error     npm owner ls flight-log
10 error There is likely additional logging output above.
11 error System Darwin 14.5.0
12 error command "/usr/local/Cellar/node/5.0.0/bin/node" "/usr/local/bin/npm" "start"
13 error cwd /Users/sam.hiatt/FlightLogMaterialDesign
14 error node -v v5.0.0
15 error npm -v 1.4.25
16 error code ELIFECYCLE
17 verbose exit [ 1, true ]
